============================= test session starts ==============================
platform linux -- Python 3.12.3, pytest-9.0.2, pluggy-1.6.0 -- /home/sakcay/projects/physical-ai/physical-ai-studio/library/../.venv/bin/python
cachedir: .pytest_cache
rootdir: /home/sakcay/projects/physical-ai/physical-ai-studio/library
configfile: pyproject.toml
collecting ... collected 76 items

tests/unit/inference/test_adapters.py::TestGetAdapter::test_get_adapter[openvino-OpenVINOAdapter-ExportBackend] PASSED [  1%]
tests/unit/inference/test_adapters.py::TestGetAdapter::test_get_adapter[openvino-OpenVINOAdapter-str] PASSED [  2%]
tests/unit/inference/test_adapters.py::TestGetAdapter::test_get_adapter[onnx-ONNXAdapter-ExportBackend] PASSED [  3%]
tests/unit/inference/test_adapters.py::TestGetAdapter::test_get_adapter[onnx-ONNXAdapter-str] PASSED [  5%]
tests/unit/inference/test_adapters.py::TestGetAdapter::test_get_adapter[torch_export_ir-TorchExportAdapter-ExportBackend] PASSED [  6%]
tests/unit/inference/test_adapters.py::TestGetAdapter::test_get_adapter[torch_export_ir-TorchExportAdapter-str] PASSED [  7%]
tests/unit/inference/test_adapters.py::TestGetAdapter::test_get_adapter[torch-TorchAdapter-ExportBackend] PASSED [  9%]
tests/unit/inference/test_adapters.py::TestGetAdapter::test_get_adapter[torch-TorchAdapter-str] PASSED [ 10%]
tests/unit/inference/test_adapters.py::TestGetAdapter::test_invalid_backend PASSED [ 11%]
tests/unit/inference/test_adapters.py::TestOpenVINOAdapter::test_lifecycle PASSED [ 13%]
tests/unit/inference/test_adapters.py::TestOpenVINOAdapter::test_error_cases PASSED [ 14%]
tests/unit/inference/test_adapters.py::TestONNXAdapter::test_provider_selection[cpu-expected_providers0] PASSED [ 15%]
tests/unit/inference/test_adapters.py::TestONNXAdapter::test_provider_selection[cuda-expected_providers1] PASSED [ 17%]
tests/unit/inference/test_adapters.py::TestONNXAdapter::test_provider_selection[tensorrt-expected_providers2] PASSED [ 18%]
tests/unit/inference/test_adapters.py::TestONNXAdapter::test_lifecycle PASSED [ 19%]
tests/unit/inference/test_adapters.py::TestONNXAdapter::test_error_cases PASSED [ 21%]
tests/unit/inference/test_adapters.py::TestTorchAdapter::test_lifecycle PASSED [ 22%]
tests/unit/inference/test_adapters.py::TestTorchAdapter::test_error_cases PASSED [ 23%]
tests/unit/inference/test_adapters.py::TestTorchAdapter::test_load_failure PASSED [ 25%]
tests/unit/inference/test_adapters.py::TestTorchAdapter::test_device_selection PASSED [ 26%]
tests/unit/inference/test_adapters.py::TestTorchAdapter::test_input_output_names_before_load PASSED [ 27%]
tests/unit/inference/test_adapters.py::TestTorchExportAdapter::test_lifecycle PASSED [ 28%]
tests/unit/inference/test_adapters.py::TestTorchExportAdapter::test_error_cases PASSED [ 30%]
tests/unit/inference/test_adapters.py::TestRuntimeAdapter::test_base_init PASSED [ 31%]
tests/unit/inference/test_adapters.py::TestRuntimeAdapter::test_base_repr PASSED [ 32%]
tests/unit/inference/test_adapters.py::TestRuntimeAdapter::test_abstract_methods_required PASSED [ 34%]
tests/unit/inference/test_model.py::test_exported_metadata_controls_action_queue PASSED [ 35%]
tests/unit/inference/test_model.py::TestInferenceModelInit::test_init_with_valid_directory PASSED [ 36%]
tests/unit/inference/test_model.py::TestInferenceModelInit::test_init_with_nonexistent_directory PASSED [ 38%]
tests/unit/inference/test_model.py::TestInferenceModelInit::test_init_with_explicit_backend[openvino-openvino-.xml] PASSED [ 39%]
tests/unit/inference/test_model.py::TestInferenceModelInit::test_init_with_explicit_backend[onnx-onnx-.onnx] PASSED [ 40%]
tests/unit/inference/test_model.py::TestInferenceModelInit::test_init_with_explicit_backend[torch_export_ir-torch_export_ir-.pt2] PASSED [ 42%]
tests/unit/inference/test_model.py::TestInferenceModelInit::test_load_classmethod PASSED [ 43%]
tests/unit/inference/test_model.py::TestMetadataLoading::test_load_metadata_formats[yaml-metadata_content0] PASSED [ 44%]
tests/unit/inference/test_model.py::TestMetadataLoading::test_load_metadata_formats[json-metadata_content1] PASSED [ 46%]
tests/unit/inference/test_model.py::TestMetadataLoading::test_no_metadata_fallback PASSED [ 47%]
tests/unit/inference/test_model.py::TestAutoDetection::test_policy_detection[physicalai.policies.act.ACT-act] PASSED [ 48%]
tests/unit/inference/test_model.py::TestAutoDetection::test_policy_detection[physicalai.policies.diffusion.Diffusion-diffusion] PASSED [ 50%]
tests/unit/inference/test_model.py::TestAutoDetection::test_policy_detection[physicalai.policies.dummy.Dummy-dummy] PASSED [ 51%]
tests/unit/inference/test_model.py::TestAutoDetection::test_backend_detection[.xml-openvino] PASSED [ 52%]
tests/unit/inference/test_model.py::TestAutoDetection::test_backend_detection[.onnx-onnx] PASSED [ 53%]
tests/unit/inference/test_model.py::TestAutoDetection::test_backend_detection[.pt2-torch_export_ir] PASSED [ 55%]
tests/unit/inference/test_model.py::TestAutoDetection::test_device_detection[model.xml-openvino-True] PASSED [ 56%]
tests/unit/inference/test_model.py::TestAutoDetection::test_device_detection[model.xml-openvino-False] PASSED [ 57%]
tests/unit/inference/test_model.py::TestAutoDetection::test_device_detection[model.onnx-onnx-True] PASSED [ 59%]
tests/unit/inference/test_model.py::TestAutoDetection::test_device_detection[model.onnx-onnx-False] PASSED [ 60%]
tests/unit/inference/test_model.py::TestAutoDetection::test_device_detection[model.pt2-torch_export_ir-True] PASSED [ 61%]
tests/unit/inference/test_model.py::TestAutoDetection::test_device_detection[model.pt2-torch_export_ir-False] PASSED [ 63%]
tests/unit/inference/test_model.py::TestAutoDetection::test_device_setting PASSED [ 64%]
tests/unit/inference/test_model.py::TestSelectAction::test_select_action_no_queue PASSED [ 65%]
tests/unit/inference/test_model.py::TestSelectAction::test_select_action_with_queue PASSED [ 67%]
tests/unit/inference/test_model.py::TestSelectAction::test_select_action_queue_refill PASSED [ 68%]
tests/unit/inference/test_model.py::TestSelectAction::test_reset_clears_queue PASSED [ 69%]
tests/unit/inference/test_model.py::TestInputPreparation::test_prepare_inputs_first_party PASSED [ 71%]
tests/unit/inference/test_model.py::TestInputPreparation::test_prepare_inputs_lerobot PASSED [ 72%]
tests/unit/inference/test_model.py::TestInputPreparation::test_prepare_inputs_handles_none_values PASSED [ 73%]
tests/unit/inference/test_model.py::TestInputPreparation::test_prepare_inputs_numpy_passthrough PASSED [ 75%]
tests/unit/inference/test_model.py::TestFieldMapping::test_build_field_mapping[obs_fields0-model_inputs0-expected0] PASSED [ 76%]
tests/unit/inference/test_model.py::TestFieldMapping::test_build_field_mapping[obs_fields1-model_inputs1-expected1] PASSED [ 77%]
tests/unit/inference/test_model.py::TestFieldMapping::test_build_field_mapping[obs_fields2-model_inputs2-expected2] PASSED [ 78%]
tests/unit/inference/test_model.py::TestFieldMapping::test_build_field_mapping[obs_fields3-model_inputs3-expected3] PASSED [ 80%]
tests/unit/inference/test_model.py::TestFieldMapping::test_build_field_mapping[obs_fields4-model_inputs4-expected4] PASSED [ 81%]
tests/unit/inference/test_model.py::TestFieldMapping::test_build_field_mapping[obs_fields5-model_inputs5-expected5] PASSED [ 82%]
tests/unit/inference/test_model.py::TestFieldMapping::test_exact_match_first_party PASSED [ 84%]
tests/unit/inference/test_model.py::TestFieldMapping::test_exact_match_lerobot PASSED [ 85%]
tests/unit/inference/test_model.py::TestActionOutputKey::test_get_action_output_key[outputs0-actions] PASSED [ 86%]
tests/unit/inference/test_model.py::TestActionOutputKey::test_get_action_output_key[outputs1-action] PASSED [ 88%]
tests/unit/inference/test_model.py::TestActionOutputKey::test_get_action_output_key[outputs2-output] PASSED [ 89%]
tests/unit/inference/test_model.py::TestActionOutputKey::test_get_action_output_key[outputs3-pred_actions] PASSED [ 90%]
tests/unit/inference/test_model.py::TestActionOutputKey::test_get_action_output_key[outputs4-custom_key] PASSED [ 92%]
tests/unit/inference/test_model.py::TestModelPathResolution::test_get_model_path_with_policy_name[openvino-.xml] PASSED [ 93%]
tests/unit/inference/test_model.py::TestModelPathResolution::test_get_model_path_with_policy_name[onnx-.onnx] PASSED [ 94%]
tests/unit/inference/test_model.py::TestModelPathResolution::test_get_model_path_with_policy_name[torch_export_ir-.pt2] PASSED [ 96%]
tests/unit/inference/test_model.py::TestModelPathResolution::test_get_model_path_without_policy_name PASSED [ 97%]
tests/unit/inference/test_model.py::TestModelPathResolution::test_get_model_path_not_found PASSED [ 98%]
tests/unit/inference/test_model.py::TestRepr::test_repr PASSED           [100%]

=============================== warnings summary ===============================
../../../../../../usr/lib/python3.12/multiprocessing/popen_fork.py:66
  /usr/lib/python3.12/multiprocessing/popen_fork.py:66: DeprecationWarning: This process (pid=1417891) is multi-threaded, use of fork() may lead to deadlocks in the child.
    self.pid = os.fork()

tests/unit/inference/test_model.py:18
  /home/sakcay/projects/physical-ai/physical-ai-studio/library/tests/unit/inference/test_model.py:18: PytestCollectionWarning: cannot collect test class 'TestAdapter' because it has a __init__ constructor (from: tests/unit/inference/test_model.py)
    class TestAdapter(RuntimeAdapter):

-- Docs: https://docs.pytest.org/en/stable/how-to/capture-warnings.html
======================== 76 passed, 2 warnings in 3.34s ========================
